<?xml version="1.0" encoding="UTF-8"?>
<!-- Generated by org.testng.reporters.JUnitReportReporter -->
<testsuite skipped="0" hostname="DESKTOP-LERG9SU" name="pages.RegisterUser" tests="1" failures="0" timestamp="2023-12-13T01:23:49 IST" time="22.288" errors="0">
  <testcase name="register" time="22.288" classname="pages.RegisterUser"/>
  <system-out/>
</testsuite> <!-- pages.RegisterUser -->
